Build started 11/20/2015 7:37:11 PM.
     1>Project "C:\Phi\SemesterProject\CUDAImageProcessing\CUDAImageProcessing\CUDAImageProcessing.vcxproj" on node 2 (Build target(s)).
     1>ClCompile:
         C:\Program Files (x86)\Microsoft Visual Studio 12.0\VC\bin\CL.exe /c /I\..\..\include /ZI /nologo /W3 /WX- /Od /Oy- /D WIN32 /D _WINDOWS /D _DEBUG /D _UNICODE /D UNICODE /D _AFXDLL /Gm /EHsc /RTC1 /MDd /GS /fp:precise /Zc:wchar_t /Zc:forScope /Yc"stdafx.h" /Fp"Debug\CUDAImageProcessing.pch" /Fo"Debug\\" /Fd"Debug\vc120.pdb" /Gd /TP /analyze- /errorReport:prompt stdafx.cpp
         stdafx.cpp
         C:\Program Files (x86)\Microsoft Visual Studio 12.0\VC\bin\CL.exe /c /I\..\..\include /ZI /nologo /W3 /WX- /Od /Oy- /D WIN32 /D _WINDOWS /D _DEBUG /D _UNICODE /D UNICODE /D _AFXDLL /Gm /EHsc /RTC1 /MDd /GS /fp:precise /Zc:wchar_t /Zc:forScope /Yu"stdafx.h" /Fp"Debug\CUDAImageProcessing.pch" /Fo"Debug\\" /Fd"Debug\vc120.pdb" /Gd /TP /analyze- /errorReport:prompt CUDAImageProcessing.cpp CUDAImageProcessingDoc.cpp CUDAImageProcessingView.cpp MainFrm.cpp
         MainFrm.cpp
         CUDAImageProcessingView.cpp
         CUDAImageProcessingDoc.cpp
         CUDAImageProcessing.cpp
         Generating Code...
       ResourceCompile:
         C:\Program Files (x86)\Windows Kits\8.1\bin\x86\rc.exe /D _DEBUG /D _UNICODE /D UNICODE /D _AFXDLL /l"0x0409" /IDebug\ /nologo /fo"Debug\CUDAImageProcessing.res" CUDAImageProcessing.rc 
       Link:
         C:\Program Files (x86)\Microsoft Visual Studio 12.0\VC\bin\link.exe /ERRORREPORT:PROMPT /OUT:"C:\Phi\SemesterProject\CUDAImageProcessing\Debug\CUDAImageProcessing.exe" /INCREMENTAL /NOLOGO /LIBPATH:\lib opencv_ts300d.lib opencv_world300d.lib /MANIFEST /MANIFESTUAC:"level='asInvoker' uiAccess='false'" /manifest:embed /manifestinput:"C:\Program Files (x86)\Microsoft Visual Studio 12.0\VC\Include\Manifest\dpiaware.manifest" /DEBUG /PDB:"C:\Phi\SemesterProject\CUDAImageProcessing\Debug\CUDAImageProcessing.pdb" /SUBSYSTEM:WINDOWS /TLBID:1 /ENTRY:"wWinMainCRTStartup" /DYNAMICBASE /NXCOMPAT /IMPLIB:"C:\Phi\SemesterProject\CUDAImageProcessing\Debug\CUDAImageProcessing.lib" /MACHINE:X86 Debug\CUDAImageProcessing.res
         Debug\CUDAImageProcessing.obj
         Debug\CUDAImageProcessingDoc.obj
         Debug\CUDAImageProcessingView.obj
         Debug\MainFrm.obj
         Debug\stdafx.obj
     1>LINK : fatal error LNK1104: cannot open file 'opencv_ts300d.lib'
     1>Done Building Project "C:\Phi\SemesterProject\CUDAImageProcessing\CUDAImageProcessing\CUDAImageProcessing.vcxproj" (Build target(s)) -- FAILED.

Build FAILED.

Time Elapsed 00:00:02.42
